[0.060s] Invoking command in '/home/user/ros2_ws/build/custom_interfaces': _=/usr/bin/env /usr/bin/cmake --build /home/user/ros2_ws/build/custom_interfaces -- -j8 -l8
[2.421s] -- Found ament_cmake: 1.3.2 (/opt/ros/humble/share/ament_cmake/cmake)
[3.075s] -- Found rclcpp: 16.0.1 (/opt/ros/humble/share/rclcpp/cmake)
[3.232s] -- Found rosidl_generator_c: 3.1.3 (/opt/ros/humble/share/rosidl_generator_c/cmake)
[3.241s] -- Found rosidl_adapter: 3.1.3 (/opt/ros/humble/share/rosidl_adapter/cmake)
[3.379s] -- Found rosidl_generator_cpp: 3.1.3 (/opt/ros/humble/share/rosidl_generator_cpp/cmake)
[3.424s] -- Using all available rosidl_typesupport_c: rosidl_typesupport_fastrtps_c;rosidl_typesupport_introspection_c
[3.480s] -- Using all available rosidl_typesupport_cpp: rosidl_typesupport_fastrtps_cpp;rosidl_typesupport_introspection_cpp
[3.747s] -- Found rmw_implementation_cmake: 6.1.0 (/opt/ros/humble/share/rmw_implementation_cmake/cmake)
[3.757s] -- Found rmw_fastrtps_cpp: 6.2.1 (/opt/ros/humble/share/rmw_fastrtps_cpp/cmake)
[4.349s] -- Using RMW implementation 'rmw_fastrtps_cpp' as default
[4.831s] -- Found action_msgs: 1.2.0 (/opt/ros/humble/share/action_msgs/cmake)
[5.019s] -- Found rosidl_default_generators: 1.2.0 (/opt/ros/humble/share/rosidl_default_generators/cmake)
[5.047s] -- Found ament_lint_auto: 0.12.4 (/opt/ros/humble/share/ament_lint_auto/cmake)
[5.225s] Error parsing '/home/user/ros2_ws/src/custom_interfaces/package.xml':
[5.226s] Traceback (most recent call last):
[5.226s]   File "/opt/ros/humble/share/ament_cmake_core/cmake/core/package_xml_2_cmake.py", line 150, in <module>
[5.226s]     main()
[5.226s]   File "/opt/ros/humble/share/ament_cmake_core/cmake/core/package_xml_2_cmake.py", line 53, in main
[5.226s]     raise e
[5.226s]   File "/opt/ros/humble/share/ament_cmake_core/cmake/core/package_xml_2_cmake.py", line 49, in main
[5.226s]     package = parse_package_string(
[5.226s]   File "/usr/lib/python3/dist-packages/catkin_pkg/package.py", line 786, in parse_package_string
[5.227s]     raise InvalidPackage('Error(s):%s' % (''.join(['\n- %s' % e for e in errors])), filename)
[5.227s] catkin_pkg.package.InvalidPackage: Error(s) in package '/home/user/ros2_ws/src/custom_interfaces/package.xml':
[5.227s] Error(s):
[5.227s] - The generic dependency on 'rosidl_default_generators' is redundant with: build_depend
[5.241s] [31mCMake Error at /opt/ros/humble/share/ament_cmake_core/cmake/core/ament_package_xml.cmake:95 (message):
[5.241s]   execute_process(/usr/bin/python3.10
[5.241s]   /opt/ros/humble/share/ament_cmake_core/cmake/core/package_xml_2_cmake.py
[5.241s]   /home/user/ros2_ws/src/custom_interfaces/package.xml
[5.242s]   /home/user/ros2_ws/build/custom_interfaces/ament_cmake_core/package.cmake)
[5.242s]   returned error code 1
[5.242s] Call Stack (most recent call first):
[5.242s]   /opt/ros/humble/share/ament_cmake_core/cmake/core/ament_package_xml.cmake:49 (_ament_package_xml)
[5.242s]   /opt/ros/humble/share/ament_lint_auto/cmake/ament_lint_auto_find_test_dependencies.cmake:31 (ament_package_xml)
[5.242s]   CMakeLists.txt:33 (ament_lint_auto_find_test_dependencies)
[5.242s] 
[5.242s] [0m
[5.243s] -- Configuring incomplete, errors occurred!
[5.243s] See also "/home/user/ros2_ws/build/custom_interfaces/CMakeFiles/CMakeOutput.log".
[5.266s] gmake: *** [Makefile:747: cmake_check_build_system] Error 1
[5.269s] Invoked command in '/home/user/ros2_ws/build/custom_interfaces' returned '2': _=/usr/bin/env /usr/bin/cmake --build /home/user/ros2_ws/build/custom_interfaces -- -j8 -l8
